<?xml version="1.0" encoding="UTF-8"?>
<testsuite xmlns:xsi="http://www.w3.org/2001/XMLSchema-instance" xsi:noNamespaceSchemaLocation="https://maven.apache.org/surefire/maven-surefire-plugin/xsd/surefire-test-report-3.0.xsd" version="3.0" name="tqs.sets.BoundedSetOfNaturalsTest" time="0.099" tests="3" errors="0" skipped="0" failures="0">
  <properties>
[...]
</properties>
  <testcase name="testAddElement" classname="tqs.sets.BoundedSetOfNaturalsTest" time="0.062"/>
  <testcase name="testIntersection" classname="tqs.sets.BoundedSetOfNaturalsTest" time="0.002"/>
  <testcase name="testAddFromBadArray" classname="tqs.sets.BoundedSetOfNaturalsTest" time="0.002"/>
</testsuite>